<?xml version="1.0" encoding="UTF-8"?>
<!-- Generated by org.testng.reporters.JUnitReportReporter -->
<testsuite hostname="DESKTOP-LFB9P6R" failures="0" tests="2" name="com.training.runner.Runner" time="21.363" errors="0" timestamp="2022-02-11T10:01:30 PST" skipped="0">
  <testcase classname="com.training.runner.Runner" name="runScenario" time="11.506"/>
  <system-out/>
  <testcase classname="com.training.runner.Runner" name="runScenario" time="9.857"/>
  <system-out/>
</testsuite> <!-- com.training.runner.Runner -->
